build/app/outputs/mapping/release/mapping.txt
# compiler: R8
# compiler_version: 1.5.64
# min_api: 21
# pg_map_id: a5450c2
com.example.enr_library.MainActivity -> com.example.enr_library.MainActivity:
    void configureFlutterEngine(io.flutter.embedding.engine.FlutterEngine) -> b
...
com.twitter.sdk.android.tweetui.internal.VideoControlView$1 -> com.twitter.sdk.android.tweetui.internal.VideoControlView$a:
    com.twitter.sdk.android.tweetui.internal.VideoControlView this$0 -> a
com.twitter.sdk.android.tweetui.internal.VideoControlView$2 -> com.twitter.sdk.android.tweetui.internal.VideoControlView$b:
    com.twitter.sdk.android.tweetui.internal.VideoControlView this$0 -> a
com.twitter.sdk.android.tweetui.internal.VideoControlView$MediaPlayerControl -> com.twitter.sdk.android.tweetui.internal.VideoControlView$c:
    void pause() -> a
    void seekTo(int) -> a
    boolean isPlaying() -> b
com.twitter.sdk.android.tweetui.internal.VideoView -> com.twitter.sdk.android.tweetui.internal.VideoView:
    android.media.MediaPlayer$OnErrorListener mOnErrorListener -> r
    int mSurfaceWidth -> l
    int mVideoWidth -> j
    com.twitter.sdk.android.tweetui.internal.VideoControlView mMediaController -> n
    int mTargetState -> f
    boolean mLooping -> u
    android.view.GestureDetector gestureDetector -> B
    android.media.MediaPlayer$OnBufferingUpdateListener mBufferingUpdateListener -> A
    android.media.MediaPlayer$OnVideoSizeChangedListener mSizeChangedListener -> v
    android.view.SurfaceHolder mSurfaceHolder -> g
    android.media.MediaPlayer$OnPreparedListener mOnPreparedListener -> p
    java.lang.String TAG -> c
    int mCurrentBufferPercentage -> q
    android.media.MediaPlayer$OnCompletionListener mOnCompletionListener -> o
    android.media.MediaPlayer mMediaPlayer -> h
    int mSurfaceHeight -> m
    int mVideoHeight -> k
    int mAudioSession -> i
    int mCurrentState -> e
    android.net.Uri mUri -> d
    android.media.MediaPlayer$OnInfoListener mOnInfoListener -> s
    android.media.MediaPlayer$OnPreparedListener mPreparedListener -> w
    android.media.MediaPlayer$OnCompletionListener mCompletionListener -> x
    android.media.MediaPlayer$OnInfoListener mInfoListener -> y
    android.media.MediaPlayer$OnErrorListener mErrorListener -> z
    int mSeekWhenPrepared -> t
    android.view.SurfaceHolder$Callback mSHCallback -> C
com.twitter.sdk.android.tweetui.internal.VideoView$1 -> com.twitter.sdk.android.tweetui.internal.VideoView$a:
    com.twitter.sdk.android.tweetui.internal.VideoView this$0 -> a
com.twitter.sdk.android.tweetui.internal.VideoView$2 -> com.twitter.sdk.android.tweetui.internal.VideoView$b:
    com.twitter.sdk.android.tweetui.internal.VideoView this$0 -> a
com.twitter.sdk.android.tweetui.internal.VideoView$3 -> com.twitter.sdk.android.tweetui.internal.VideoView$c:
    com.twitter.sdk.android.tweetui.internal.VideoView this$0 -> a
com.twitter.sdk.android.tweetui.internal.VideoView$4 -> com.twitter.sdk.android.tweetui.internal.VideoView$d:
    com.twitter.sdk.android.tweetui.internal.VideoView this$0 -> a
com.twitter.sdk.android.tweetui.internal.VideoView$5 -> com.twitter.sdk.android.tweetui.internal.VideoView$e:
    com.twitter.sdk.android.tweetui.internal.VideoView this$0 -> a
com.twitter.sdk.android.tweetui.internal.VideoView$6 -> com.twitter.sdk.android.tweetui.internal.VideoView$f:
    com.twitter.sdk.android.tweetui.internal.VideoView this$0 -> a
com.twitter.sdk.android.tweetui.internal.VideoView$7 -> com.twitter.sdk.android.tweetui.internal.VideoView$g:
    com.twitter.sdk.android.tweetui.internal.VideoView this$0 -> c
com.twitter.sdk.android.tweetui.internal.VideoView$8 -> com.twitter.sdk.android.tweetui.internal.VideoView$h:
    com.twitter.sdk.android.tweetui.internal.VideoView this$0 -> c
developers.mobile.abt.FirebaseAbt$1 -> d.a.a.a:
    int[] $SwitchMap$com$google$protobuf$GeneratedMessageLite$MethodToInvoke -> a